{"/Users/i_zhengweik/Desktop/totoro/src/index.tsx": {"path":"/Users/i_zhengweik/Desktop/totoro/src/index.tsx","statementMap":{"0":{"start":{"line":7,"column":0},"end":{"line":7,"column":58}},"1":{"start":{"line":12,"column":0},"end":{"line":12,"column":27}}},"fnMap":{},"branchMap":{},"s":{"0":0,"1":0},"f":{},"b":{},"hash":"a01091b5f51f3352ec6eff2fe41e60c28d4e77fe"}
,"/Users/i_zhengweik/Desktop/totoro/src/scenes/App/App.tsx": {"path":"/Users/i_zhengweik/Desktop/totoro/src/scenes/App/App.tsx","statementMap":{"0":{"start":{"line":8,"column":18},"end":{"line":15,"column":3}},"1":{"start":{"line":8,"column":39},"end":{"line":15,"column":1}},"2":{"start":{"line":18,"column":1},"end":{"line":18,"column":22}},"3":{"start":{"line":22,"column":1},"end":{"line":22,"column":22}},"4":{"start":{"line":26,"column":17},"end":{"line":26,"column":28}},"5":{"start":{"line":28,"column":1},"end":{"line":55,"column":3}}},"fnMap":{"0":{"name":"(anonymous_0)","decl":{"start":{"line":8,"column":29},"end":{"line":8,"column":30}},"loc":{"start":{"line":8,"column":39},"end":{"line":15,"column":1}},"line":8},"1":{"name":"takesATrain","decl":{"start":{"line":17,"column":9},"end":{"line":17,"column":20}},"loc":{"start":{"line":17,"column":23},"end":{"line":19,"column":1}},"line":17},"2":{"name":"findsAHouse","decl":{"start":{"line":21,"column":9},"end":{"line":21,"column":20}},"loc":{"start":{"line":21,"column":23},"end":{"line":23,"column":1}},"line":21},"3":{"name":"App","decl":{"start":{"line":25,"column":9},"end":{"line":25,"column":12}},"loc":{"start":{"line":25,"column":15},"end":{"line":56,"column":1}},"line":25}},"branchMap":{},"s":{"0":1,"1":1,"2":1,"3":1,"4":3,"5":3},"f":{"0":1,"1":1,"2":1,"3":3},"b":{},"_coverageSchema":"43e27e138ebf9cfc5966b082cf9a028302ed4184","hash":"a25f4308c2a66edbbd0fca30a46f1a899b70858f"}
,"/Users/i_zhengweik/Desktop/totoro/src/services/serviceWorker.ts": {"path":"/Users/i_zhengweik/Desktop/totoro/src/services/serviceWorker.ts","statementMap":{"0":{"start":{"line":13,"column":20},"end":{"line":21,"column":1}},"1":{"start":{"line":29,"column":2},"end":{"line":62,"column":3}},"2":{"start":{"line":31,"column":22},"end":{"line":34,"column":5}},"3":{"start":{"line":35,"column":4},"end":{"line":40,"column":5}},"4":{"start":{"line":39,"column":6},"end":{"line":39,"column":13}},"5":{"start":{"line":42,"column":4},"end":{"line":61,"column":7}},"6":{"start":{"line":43,"column":20},"end":{"line":43,"column":65}},"7":{"start":{"line":45,"column":6},"end":{"line":60,"column":7}},"8":{"start":{"line":47,"column":8},"end":{"line":47,"column":47}},"9":{"start":{"line":51,"column":8},"end":{"line":56,"column":11}},"10":{"start":{"line":52,"column":10},"end":{"line":55,"column":12}},"11":{"start":{"line":59,"column":8},"end":{"line":59,"column":39}},"12":{"start":{"line":66,"column":2},"end":{"line":106,"column":7}},"13":{"start":{"line":69,"column":6},"end":{"line":102,"column":8}},"14":{"start":{"line":70,"column":33},"end":{"line":70,"column":56}},"15":{"start":{"line":71,"column":8},"end":{"line":73,"column":9}},"16":{"start":{"line":72,"column":10},"end":{"line":72,"column":17}},"17":{"start":{"line":74,"column":8},"end":{"line":101,"column":10}},"18":{"start":{"line":75,"column":10},"end":{"line":100,"column":11}},"19":{"start":{"line":76,"column":12},"end":{"line":99,"column":13}},"20":{"start":{"line":80,"column":14},"end":{"line":83,"column":16}},"21":{"start":{"line":86,"column":14},"end":{"line":88,"column":15}},"22":{"start":{"line":87,"column":16},"end":{"line":87,"column":46}},"23":{"start":{"line":93,"column":14},"end":{"line":93,"column":64}},"24":{"start":{"line":96,"column":14},"end":{"line":98,"column":15}},"25":{"start":{"line":97,"column":16},"end":{"line":97,"column":47}},"26":{"start":{"line":105,"column":6},"end":{"line":105,"column":72}},"27":{"start":{"line":111,"column":2},"end":{"line":136,"column":7}},"28":{"start":{"line":116,"column":26},"end":{"line":116,"column":62}},"29":{"start":{"line":117,"column":6},"end":{"line":130,"column":7}},"30":{"start":{"line":122,"column":8},"end":{"line":126,"column":11}},"31":{"start":{"line":123,"column":10},"end":{"line":125,"column":13}},"32":{"start":{"line":124,"column":12},"end":{"line":124,"column":37}},"33":{"start":{"line":129,"column":8},"end":{"line":129,"column":39}},"34":{"start":{"line":133,"column":6},"end":{"line":135,"column":8}},"35":{"start":{"line":140,"column":2},"end":{"line":148,"column":3}},"36":{"start":{"line":141,"column":4},"end":{"line":147,"column":9}},"37":{"start":{"line":143,"column":8},"end":{"line":143,"column":34}},"38":{"start":{"line":146,"column":8},"end":{"line":146,"column":37}}},"fnMap":{"0":{"name":"register","decl":{"start":{"line":28,"column":16},"end":{"line":28,"column":24}},"loc":{"start":{"line":28,"column":42},"end":{"line":63,"column":1}},"line":28},"1":{"name":"(anonymous_1)","decl":{"start":{"line":42,"column":36},"end":{"line":42,"column":37}},"loc":{"start":{"line":42,"column":42},"end":{"line":61,"column":5}},"line":42},"2":{"name":"(anonymous_2)","decl":{"start":{"line":51,"column":43},"end":{"line":51,"column":44}},"loc":{"start":{"line":51,"column":49},"end":{"line":56,"column":9}},"line":51},"3":{"name":"registerValidSW","decl":{"start":{"line":65,"column":9},"end":{"line":65,"column":24}},"loc":{"start":{"line":65,"column":57},"end":{"line":107,"column":1}},"line":65},"4":{"name":"(anonymous_4)","decl":{"start":{"line":68,"column":10},"end":{"line":68,"column":11}},"loc":{"start":{"line":68,"column":26},"end":{"line":103,"column":5}},"line":68},"5":{"name":"(anonymous_5)","decl":{"start":{"line":69,"column":35},"end":{"line":69,"column":36}},"loc":{"start":{"line":69,"column":41},"end":{"line":102,"column":7}},"line":69},"6":{"name":"(anonymous_6)","decl":{"start":{"line":74,"column":41},"end":{"line":74,"column":42}},"loc":{"start":{"line":74,"column":47},"end":{"line":101,"column":9}},"line":74},"7":{"name":"(anonymous_7)","decl":{"start":{"line":104,"column":11},"end":{"line":104,"column":12}},"loc":{"start":{"line":104,"column":20},"end":{"line":106,"column":5}},"line":104},"8":{"name":"checkValidServiceWorker","decl":{"start":{"line":109,"column":9},"end":{"line":109,"column":32}},"loc":{"start":{"line":109,"column":65},"end":{"line":137,"column":1}},"line":109},"9":{"name":"(anonymous_9)","decl":{"start":{"line":114,"column":10},"end":{"line":114,"column":11}},"loc":{"start":{"line":114,"column":22},"end":{"line":131,"column":5}},"line":114},"10":{"name":"(anonymous_10)","decl":{"start":{"line":122,"column":43},"end":{"line":122,"column":44}},"loc":{"start":{"line":122,"column":59},"end":{"line":126,"column":9}},"line":122},"11":{"name":"(anonymous_11)","decl":{"start":{"line":123,"column":41},"end":{"line":123,"column":42}},"loc":{"start":{"line":123,"column":47},"end":{"line":125,"column":11}},"line":123},"12":{"name":"(anonymous_12)","decl":{"start":{"line":132,"column":11},"end":{"line":132,"column":12}},"loc":{"start":{"line":132,"column":17},"end":{"line":136,"column":5}},"line":132},"13":{"name":"unregister","decl":{"start":{"line":139,"column":16},"end":{"line":139,"column":26}},"loc":{"start":{"line":139,"column":29},"end":{"line":149,"column":1}},"line":139},"14":{"name":"(anonymous_14)","decl":{"start":{"line":142,"column":12},"end":{"line":142,"column":13}},"loc":{"start":{"line":142,"column":28},"end":{"line":144,"column":7}},"line":142},"15":{"name":"(anonymous_15)","decl":{"start":{"line":145,"column":13},"end":{"line":145,"column":14}},"loc":{"start":{"line":145,"column":22},"end":{"line":147,"column":7}},"line":145}},"branchMap":{"0":{"loc":{"start":{"line":14,"column":2},"end":{"line":20,"column":5}},"type":"binary-expr","locations":[{"start":{"line":14,"column":2},"end":{"line":14,"column":42}},{"start":{"line":16,"column":4},"end":{"line":16,"column":40}},{"start":{"line":18,"column":4},"end":{"line":20,"column":5}}],"line":14},"1":{"loc":{"start":{"line":29,"column":2},"end":{"line":62,"column":3}},"type":"if","locations":[{"start":{"line":29,"column":2},"end":{"line":62,"column":3}},{"start":{"line":29,"column":2},"end":{"line":62,"column":3}}],"line":29},"2":{"loc":{"start":{"line":29,"column":6},"end":{"line":29,"column":75}},"type":"binary-expr","locations":[{"start":{"line":29,"column":6},"end":{"line":29,"column":43}},{"start":{"line":29,"column":47},"end":{"line":29,"column":75}}],"line":29},"3":{"loc":{"start":{"line":35,"column":4},"end":{"line":40,"column":5}},"type":"if","locations":[{"start":{"line":35,"column":4},"end":{"line":40,"column":5}},{"start":{"line":35,"column":4},"end":{"line":40,"column":5}}],"line":35},"4":{"loc":{"start":{"line":45,"column":6},"end":{"line":60,"column":7}},"type":"if","locations":[{"start":{"line":45,"column":6},"end":{"line":60,"column":7}},{"start":{"line":45,"column":6},"end":{"line":60,"column":7}}],"line":45},"5":{"loc":{"start":{"line":71,"column":8},"end":{"line":73,"column":9}},"type":"if","locations":[{"start":{"line":71,"column":8},"end":{"line":73,"column":9}},{"start":{"line":71,"column":8},"end":{"line":73,"column":9}}],"line":71},"6":{"loc":{"start":{"line":75,"column":10},"end":{"line":100,"column":11}},"type":"if","locations":[{"start":{"line":75,"column":10},"end":{"line":100,"column":11}},{"start":{"line":75,"column":10},"end":{"line":100,"column":11}}],"line":75},"7":{"loc":{"start":{"line":76,"column":12},"end":{"line":99,"column":13}},"type":"if","locations":[{"start":{"line":76,"column":12},"end":{"line":99,"column":13}},{"start":{"line":76,"column":12},"end":{"line":99,"column":13}}],"line":76},"8":{"loc":{"start":{"line":86,"column":14},"end":{"line":88,"column":15}},"type":"if","locations":[{"start":{"line":86,"column":14},"end":{"line":88,"column":15}},{"start":{"line":86,"column":14},"end":{"line":88,"column":15}}],"line":86},"9":{"loc":{"start":{"line":86,"column":18},"end":{"line":86,"column":43}},"type":"binary-expr","locations":[{"start":{"line":86,"column":18},"end":{"line":86,"column":24}},{"start":{"line":86,"column":28},"end":{"line":86,"column":43}}],"line":86},"10":{"loc":{"start":{"line":96,"column":14},"end":{"line":98,"column":15}},"type":"if","locations":[{"start":{"line":96,"column":14},"end":{"line":98,"column":15}},{"start":{"line":96,"column":14},"end":{"line":98,"column":15}}],"line":96},"11":{"loc":{"start":{"line":96,"column":18},"end":{"line":96,"column":44}},"type":"binary-expr","locations":[{"start":{"line":96,"column":18},"end":{"line":96,"column":24}},{"start":{"line":96,"column":28},"end":{"line":96,"column":44}}],"line":96},"12":{"loc":{"start":{"line":117,"column":6},"end":{"line":130,"column":7}},"type":"if","locations":[{"start":{"line":117,"column":6},"end":{"line":130,"column":7}},{"start":{"line":117,"column":6},"end":{"line":130,"column":7}}],"line":117},"13":{"loc":{"start":{"line":118,"column":8},"end":{"line":119,"column":73}},"type":"binary-expr","locations":[{"start":{"line":118,"column":8},"end":{"line":118,"column":31}},{"start":{"line":119,"column":9},"end":{"line":119,"column":28}},{"start":{"line":119,"column":32},"end":{"line":119,"column":72}}],"line":118},"14":{"loc":{"start":{"line":140,"column":2},"end":{"line":148,"column":3}},"type":"if","locations":[{"start":{"line":140,"column":2},"end":{"line":148,"column":3}},{"start":{"line":140,"column":2},"end":{"line":148,"column":3}}],"line":140}},"s":{"0":0,"1":0,"2":0,"3":0,"4":0,"5":0,"6":0,"7":0,"8":0,"9":0,"10":0,"11":0,"12":0,"13":0,"14":0,"15":0,"16":0,"17":0,"18":0,"19":0,"20":0,"21":0,"22":0,"23":0,"24":0,"25":0,"26":0,"27":0,"28":0,"29":0,"30":0,"31":0,"32":0,"33":0,"34":0,"35":0,"36":0,"37":0,"38":0},"f":{"0":0,"1":0,"2":0,"3":0,"4":0,"5":0,"6":0,"7":0,"8":0,"9":0,"10":0,"11":0,"12":0,"13":0,"14":0,"15":0},"b":{"0":[0,0,0],"1":[0,0],"2":[0,0],"3":[0,0],"4":[0,0],"5":[0,0],"6":[0,0],"7":[0,0],"8":[0,0],"9":[0,0],"10":[0,0],"11":[0,0],"12":[0,0],"13":[0,0,0],"14":[0,0]},"hash":"b417b29c0db6bd2d4cc5f773310ff6dd24e55fc6"}
,"/Users/i_zhengweik/Desktop/totoro/src/utilities/TestUtilities.tsx": {"path":"/Users/i_zhengweik/Desktop/totoro/src/utilities/TestUtilities.tsx","statementMap":{"0":{"start":{"line":13,"column":1},"end":{"line":13,"column":46}},"1":{"start":{"line":14,"column":1},"end":{"line":14,"column":41}},"2":{"start":{"line":15,"column":1},"end":{"line":15,"column":39}},"3":{"start":{"line":17,"column":1},"end":{"line":17,"column":48}},"4":{"start":{"line":24,"column":1},"end":{"line":24,"column":30}},"5":{"start":{"line":25,"column":1},"end":{"line":25,"column":24}},"6":{"start":{"line":26,"column":1},"end":{"line":26,"column":23}},"7":{"start":{"line":30,"column":40},"end":{"line":30,"column":51}},"8":{"start":{"line":32,"column":2},"end":{"line":34,"column":5}},"9":{"start":{"line":33,"column":4},"end":{"line":33,"column":44}},"10":{"start":{"line":36,"column":2},"end":{"line":36,"column":22}}},"fnMap":{"0":{"name":"setupTestEnvironment","decl":{"start":{"line":12,"column":16},"end":{"line":12,"column":36}},"loc":{"start":{"line":12,"column":45},"end":{"line":18,"column":1}},"line":12},"1":{"name":"tearDownTestEnvironment","decl":{"start":{"line":23,"column":16},"end":{"line":23,"column":39}},"loc":{"start":{"line":23,"column":48},"end":{"line":27,"column":1}},"line":23},"2":{"name":"createRenderer","decl":{"start":{"line":29,"column":16},"end":{"line":29,"column":30}},"loc":{"start":{"line":29,"column":73},"end":{"line":37,"column":1}},"line":29},"3":{"name":"(anonymous_3)","decl":{"start":{"line":32,"column":15},"end":{"line":32,"column":16}},"loc":{"start":{"line":32,"column":21},"end":{"line":34,"column":3}},"line":32}},"branchMap":{},"s":{"0":2,"1":2,"2":2,"3":2,"4":2,"5":2,"6":2,"7":3,"8":3,"9":3,"10":3},"f":{"0":2,"1":2,"2":3,"3":3},"b":{},"_coverageSchema":"43e27e138ebf9cfc5966b082cf9a028302ed4184","hash":"c2bb184a2e9a5c927fead51fa1758746168633a4"}
}
