{"/Users/i_zhengweik/Desktop/totoro/src/index.tsx": {"path":"/Users/i_zhengweik/Desktop/totoro/src/index.tsx","statementMap":{"0":{"start":{"line":7,"column":0},"end":{"line":7,"column":58}},"1":{"start":{"line":12,"column":0},"end":{"line":12,"column":27}}},"fnMap":{},"branchMap":{},"s":{"0":0,"1":0},"f":{},"b":{},"hash":"a01091b5f51f3352ec6eff2fe41e60c28d4e77fe"}
,"/Users/i_zhengweik/Desktop/totoro/src/components/RouterButton.tsx": {"path":"/Users/i_zhengweik/Desktop/totoro/src/components/RouterButton.tsx","statementMap":{"0":{"start":{"line":12,"column":17},"end":{"line":12,"column":28}},"1":{"start":{"line":14,"column":2},"end":{"line":26,"column":4}},"2":{"start":{"line":21,"column":8},"end":{"line":21,"column":33}}},"fnMap":{"0":{"name":"RouterButton","decl":{"start":{"line":11,"column":16},"end":{"line":11,"column":28}},"loc":{"start":{"line":11,"column":55},"end":{"line":27,"column":1}},"line":11},"1":{"name":"(anonymous_1)","decl":{"start":{"line":20,"column":15},"end":{"line":20,"column":16}},"loc":{"start":{"line":20,"column":21},"end":{"line":22,"column":7}},"line":20}},"branchMap":{},"s":{"0":9,"1":9,"2":2},"f":{"0":9,"1":2},"b":{},"_coverageSchema":"43e27e138ebf9cfc5966b082cf9a028302ed4184","hash":"d70cfb61d34153cfa499b2a3de888f3455a716b0"}
,"/Users/i_zhengweik/Desktop/totoro/src/hooks/useRouter.tsx": {"path":"/Users/i_zhengweik/Desktop/totoro/src/hooks/useRouter.tsx","statementMap":{"0":{"start":{"line":6,"column":17},"end":{"line":6,"column":28}},"1":{"start":{"line":7,"column":19},"end":{"line":7,"column":32}},"2":{"start":{"line":8,"column":18},"end":{"line":8,"column":30}},"3":{"start":{"line":9,"column":16},"end":{"line":9,"column":31}},"4":{"start":{"line":13,"column":2},"end":{"line":32,"column":41}},"5":{"start":{"line":14,"column":4},"end":{"line":31,"column":6}}},"fnMap":{"0":{"name":"useRouter","decl":{"start":{"line":5,"column":16},"end":{"line":5,"column":25}},"loc":{"start":{"line":5,"column":28},"end":{"line":33,"column":1}},"line":5},"1":{"name":"(anonymous_1)","decl":{"start":{"line":13,"column":17},"end":{"line":13,"column":18}},"loc":{"start":{"line":13,"column":23},"end":{"line":32,"column":3}},"line":13}},"branchMap":{},"s":{"0":9,"1":9,"2":9,"3":9,"4":9,"5":9},"f":{"0":9,"1":9},"b":{},"_coverageSchema":"43e27e138ebf9cfc5966b082cf9a028302ed4184","hash":"33a3b557fa7b229b1fd968b91cd3a22036bbc4ac"}
,"/Users/i_zhengweik/Desktop/totoro/src/scenes/App/App.tsx": {"path":"/Users/i_zhengweik/Desktop/totoro/src/scenes/App/App.tsx","statementMap":{"0":{"start":{"line":15,"column":4},"end":{"line":39,"column":6}}},"fnMap":{"0":{"name":"(anonymous_0)","decl":{"start":{"line":14,"column":2},"end":{"line":14,"column":3}},"loc":{"start":{"line":14,"column":11},"end":{"line":40,"column":3}},"line":14}},"branchMap":{},"s":{"0":2},"f":{"0":2},"b":{},"_coverageSchema":"43e27e138ebf9cfc5966b082cf9a028302ed4184","hash":"54fe7ec63fea61d8d01ca4bf6dd67c603ab60c73"}
,"/Users/i_zhengweik/Desktop/totoro/src/scenes/MrtMap/MrtMap.tsx": {"path":"/Users/i_zhengweik/Desktop/totoro/src/scenes/MrtMap/MrtMap.tsx","statementMap":{"0":{"start":{"line":8,"column":4},"end":{"line":15,"column":6}}},"fnMap":{"0":{"name":"(anonymous_0)","decl":{"start":{"line":7,"column":2},"end":{"line":7,"column":3}},"loc":{"start":{"line":7,"column":18},"end":{"line":16,"column":3}},"line":7}},"branchMap":{},"s":{"0":1},"f":{"0":1},"b":{},"_coverageSchema":"43e27e138ebf9cfc5966b082cf9a028302ed4184","hash":"a6e520ae59c37f962c5f764bee95359a1de24dcd"}
,"/Users/i_zhengweik/Desktop/totoro/src/services/serviceWorker.ts": {"path":"/Users/i_zhengweik/Desktop/totoro/src/services/serviceWorker.ts","statementMap":{"0":{"start":{"line":13,"column":20},"end":{"line":21,"column":1}},"1":{"start":{"line":29,"column":2},"end":{"line":59,"column":3}},"2":{"start":{"line":31,"column":22},"end":{"line":31,"column":75}},"3":{"start":{"line":32,"column":4},"end":{"line":37,"column":5}},"4":{"start":{"line":36,"column":6},"end":{"line":36,"column":13}},"5":{"start":{"line":39,"column":4},"end":{"line":58,"column":7}},"6":{"start":{"line":40,"column":20},"end":{"line":40,"column":65}},"7":{"start":{"line":42,"column":6},"end":{"line":57,"column":7}},"8":{"start":{"line":44,"column":8},"end":{"line":44,"column":47}},"9":{"start":{"line":48,"column":8},"end":{"line":53,"column":11}},"10":{"start":{"line":49,"column":10},"end":{"line":52,"column":12}},"11":{"start":{"line":56,"column":8},"end":{"line":56,"column":39}},"12":{"start":{"line":63,"column":2},"end":{"line":103,"column":7}},"13":{"start":{"line":66,"column":6},"end":{"line":99,"column":8}},"14":{"start":{"line":67,"column":33},"end":{"line":67,"column":56}},"15":{"start":{"line":68,"column":8},"end":{"line":70,"column":9}},"16":{"start":{"line":69,"column":10},"end":{"line":69,"column":17}},"17":{"start":{"line":71,"column":8},"end":{"line":98,"column":10}},"18":{"start":{"line":72,"column":10},"end":{"line":97,"column":11}},"19":{"start":{"line":73,"column":12},"end":{"line":96,"column":13}},"20":{"start":{"line":77,"column":14},"end":{"line":80,"column":16}},"21":{"start":{"line":83,"column":14},"end":{"line":85,"column":15}},"22":{"start":{"line":84,"column":16},"end":{"line":84,"column":46}},"23":{"start":{"line":90,"column":14},"end":{"line":90,"column":64}},"24":{"start":{"line":93,"column":14},"end":{"line":95,"column":15}},"25":{"start":{"line":94,"column":16},"end":{"line":94,"column":47}},"26":{"start":{"line":102,"column":6},"end":{"line":102,"column":72}},"27":{"start":{"line":108,"column":2},"end":{"line":133,"column":7}},"28":{"start":{"line":113,"column":26},"end":{"line":113,"column":62}},"29":{"start":{"line":114,"column":6},"end":{"line":127,"column":7}},"30":{"start":{"line":119,"column":8},"end":{"line":123,"column":11}},"31":{"start":{"line":120,"column":10},"end":{"line":122,"column":13}},"32":{"start":{"line":121,"column":12},"end":{"line":121,"column":37}},"33":{"start":{"line":126,"column":8},"end":{"line":126,"column":39}},"34":{"start":{"line":130,"column":6},"end":{"line":132,"column":8}},"35":{"start":{"line":137,"column":2},"end":{"line":145,"column":3}},"36":{"start":{"line":138,"column":4},"end":{"line":144,"column":9}},"37":{"start":{"line":140,"column":8},"end":{"line":140,"column":34}},"38":{"start":{"line":143,"column":8},"end":{"line":143,"column":37}}},"fnMap":{"0":{"name":"register","decl":{"start":{"line":28,"column":16},"end":{"line":28,"column":24}},"loc":{"start":{"line":28,"column":42},"end":{"line":60,"column":1}},"line":28},"1":{"name":"(anonymous_1)","decl":{"start":{"line":39,"column":36},"end":{"line":39,"column":37}},"loc":{"start":{"line":39,"column":42},"end":{"line":58,"column":5}},"line":39},"2":{"name":"(anonymous_2)","decl":{"start":{"line":48,"column":43},"end":{"line":48,"column":44}},"loc":{"start":{"line":48,"column":49},"end":{"line":53,"column":9}},"line":48},"3":{"name":"registerValidSW","decl":{"start":{"line":62,"column":9},"end":{"line":62,"column":24}},"loc":{"start":{"line":62,"column":57},"end":{"line":104,"column":1}},"line":62},"4":{"name":"(anonymous_4)","decl":{"start":{"line":65,"column":10},"end":{"line":65,"column":11}},"loc":{"start":{"line":65,"column":26},"end":{"line":100,"column":5}},"line":65},"5":{"name":"(anonymous_5)","decl":{"start":{"line":66,"column":35},"end":{"line":66,"column":36}},"loc":{"start":{"line":66,"column":41},"end":{"line":99,"column":7}},"line":66},"6":{"name":"(anonymous_6)","decl":{"start":{"line":71,"column":41},"end":{"line":71,"column":42}},"loc":{"start":{"line":71,"column":47},"end":{"line":98,"column":9}},"line":71},"7":{"name":"(anonymous_7)","decl":{"start":{"line":101,"column":11},"end":{"line":101,"column":12}},"loc":{"start":{"line":101,"column":20},"end":{"line":103,"column":5}},"line":101},"8":{"name":"checkValidServiceWorker","decl":{"start":{"line":106,"column":9},"end":{"line":106,"column":32}},"loc":{"start":{"line":106,"column":65},"end":{"line":134,"column":1}},"line":106},"9":{"name":"(anonymous_9)","decl":{"start":{"line":111,"column":10},"end":{"line":111,"column":11}},"loc":{"start":{"line":111,"column":22},"end":{"line":128,"column":5}},"line":111},"10":{"name":"(anonymous_10)","decl":{"start":{"line":119,"column":43},"end":{"line":119,"column":44}},"loc":{"start":{"line":119,"column":59},"end":{"line":123,"column":9}},"line":119},"11":{"name":"(anonymous_11)","decl":{"start":{"line":120,"column":41},"end":{"line":120,"column":42}},"loc":{"start":{"line":120,"column":47},"end":{"line":122,"column":11}},"line":120},"12":{"name":"(anonymous_12)","decl":{"start":{"line":129,"column":11},"end":{"line":129,"column":12}},"loc":{"start":{"line":129,"column":17},"end":{"line":133,"column":5}},"line":129},"13":{"name":"unregister","decl":{"start":{"line":136,"column":16},"end":{"line":136,"column":26}},"loc":{"start":{"line":136,"column":29},"end":{"line":146,"column":1}},"line":136},"14":{"name":"(anonymous_14)","decl":{"start":{"line":139,"column":12},"end":{"line":139,"column":13}},"loc":{"start":{"line":139,"column":28},"end":{"line":141,"column":7}},"line":139},"15":{"name":"(anonymous_15)","decl":{"start":{"line":142,"column":13},"end":{"line":142,"column":14}},"loc":{"start":{"line":142,"column":22},"end":{"line":144,"column":7}},"line":142}},"branchMap":{"0":{"loc":{"start":{"line":14,"column":2},"end":{"line":20,"column":5}},"type":"binary-expr","locations":[{"start":{"line":14,"column":2},"end":{"line":14,"column":42}},{"start":{"line":16,"column":4},"end":{"line":16,"column":40}},{"start":{"line":18,"column":4},"end":{"line":20,"column":5}}],"line":14},"1":{"loc":{"start":{"line":29,"column":2},"end":{"line":59,"column":3}},"type":"if","locations":[{"start":{"line":29,"column":2},"end":{"line":59,"column":3}},{"start":{"line":29,"column":2},"end":{"line":59,"column":3}}],"line":29},"2":{"loc":{"start":{"line":29,"column":6},"end":{"line":29,"column":75}},"type":"binary-expr","locations":[{"start":{"line":29,"column":6},"end":{"line":29,"column":43}},{"start":{"line":29,"column":47},"end":{"line":29,"column":75}}],"line":29},"3":{"loc":{"start":{"line":32,"column":4},"end":{"line":37,"column":5}},"type":"if","locations":[{"start":{"line":32,"column":4},"end":{"line":37,"column":5}},{"start":{"line":32,"column":4},"end":{"line":37,"column":5}}],"line":32},"4":{"loc":{"start":{"line":42,"column":6},"end":{"line":57,"column":7}},"type":"if","locations":[{"start":{"line":42,"column":6},"end":{"line":57,"column":7}},{"start":{"line":42,"column":6},"end":{"line":57,"column":7}}],"line":42},"5":{"loc":{"start":{"line":68,"column":8},"end":{"line":70,"column":9}},"type":"if","locations":[{"start":{"line":68,"column":8},"end":{"line":70,"column":9}},{"start":{"line":68,"column":8},"end":{"line":70,"column":9}}],"line":68},"6":{"loc":{"start":{"line":72,"column":10},"end":{"line":97,"column":11}},"type":"if","locations":[{"start":{"line":72,"column":10},"end":{"line":97,"column":11}},{"start":{"line":72,"column":10},"end":{"line":97,"column":11}}],"line":72},"7":{"loc":{"start":{"line":73,"column":12},"end":{"line":96,"column":13}},"type":"if","locations":[{"start":{"line":73,"column":12},"end":{"line":96,"column":13}},{"start":{"line":73,"column":12},"end":{"line":96,"column":13}}],"line":73},"8":{"loc":{"start":{"line":83,"column":14},"end":{"line":85,"column":15}},"type":"if","locations":[{"start":{"line":83,"column":14},"end":{"line":85,"column":15}},{"start":{"line":83,"column":14},"end":{"line":85,"column":15}}],"line":83},"9":{"loc":{"start":{"line":83,"column":18},"end":{"line":83,"column":43}},"type":"binary-expr","locations":[{"start":{"line":83,"column":18},"end":{"line":83,"column":24}},{"start":{"line":83,"column":28},"end":{"line":83,"column":43}}],"line":83},"10":{"loc":{"start":{"line":93,"column":14},"end":{"line":95,"column":15}},"type":"if","locations":[{"start":{"line":93,"column":14},"end":{"line":95,"column":15}},{"start":{"line":93,"column":14},"end":{"line":95,"column":15}}],"line":93},"11":{"loc":{"start":{"line":93,"column":18},"end":{"line":93,"column":44}},"type":"binary-expr","locations":[{"start":{"line":93,"column":18},"end":{"line":93,"column":24}},{"start":{"line":93,"column":28},"end":{"line":93,"column":44}}],"line":93},"12":{"loc":{"start":{"line":114,"column":6},"end":{"line":127,"column":7}},"type":"if","locations":[{"start":{"line":114,"column":6},"end":{"line":127,"column":7}},{"start":{"line":114,"column":6},"end":{"line":127,"column":7}}],"line":114},"13":{"loc":{"start":{"line":115,"column":8},"end":{"line":116,"column":73}},"type":"binary-expr","locations":[{"start":{"line":115,"column":8},"end":{"line":115,"column":31}},{"start":{"line":116,"column":9},"end":{"line":116,"column":28}},{"start":{"line":116,"column":32},"end":{"line":116,"column":72}}],"line":115},"14":{"loc":{"start":{"line":137,"column":2},"end":{"line":145,"column":3}},"type":"if","locations":[{"start":{"line":137,"column":2},"end":{"line":145,"column":3}},{"start":{"line":137,"column":2},"end":{"line":145,"column":3}}],"line":137}},"s":{"0":0,"1":0,"2":0,"3":0,"4":0,"5":0,"6":0,"7":0,"8":0,"9":0,"10":0,"11":0,"12":0,"13":0,"14":0,"15":0,"16":0,"17":0,"18":0,"19":0,"20":0,"21":0,"22":0,"23":0,"24":0,"25":0,"26":0,"27":0,"28":0,"29":0,"30":0,"31":0,"32":0,"33":0,"34":0,"35":0,"36":0,"37":0,"38":0},"f":{"0":0,"1":0,"2":0,"3":0,"4":0,"5":0,"6":0,"7":0,"8":0,"9":0,"10":0,"11":0,"12":0,"13":0,"14":0,"15":0},"b":{"0":[0,0,0],"1":[0,0],"2":[0,0],"3":[0,0],"4":[0,0],"5":[0,0],"6":[0,0],"7":[0,0],"8":[0,0],"9":[0,0],"10":[0,0],"11":[0,0],"12":[0,0],"13":[0,0,0],"14":[0,0]},"hash":"ed0b91c05097a771b50058e8b608bc1f9a27c6aa"}
,"/Users/i_zhengweik/Desktop/totoro/src/utilities/TestUtilities.tsx": {"path":"/Users/i_zhengweik/Desktop/totoro/src/utilities/TestUtilities.tsx","statementMap":{"0":{"start":{"line":13,"column":2},"end":{"line":13,"column":47}},"1":{"start":{"line":14,"column":2},"end":{"line":14,"column":42}},"2":{"start":{"line":15,"column":2},"end":{"line":15,"column":40}},"3":{"start":{"line":17,"column":2},"end":{"line":17,"column":49}},"4":{"start":{"line":24,"column":2},"end":{"line":24,"column":31}},"5":{"start":{"line":25,"column":2},"end":{"line":25,"column":25}},"6":{"start":{"line":26,"column":2},"end":{"line":26,"column":24}},"7":{"start":{"line":30,"column":40},"end":{"line":30,"column":51}},"8":{"start":{"line":32,"column":2},"end":{"line":34,"column":5}},"9":{"start":{"line":33,"column":4},"end":{"line":33,"column":44}},"10":{"start":{"line":36,"column":2},"end":{"line":36,"column":22}}},"fnMap":{"0":{"name":"setupTestEnvironment","decl":{"start":{"line":12,"column":16},"end":{"line":12,"column":36}},"loc":{"start":{"line":12,"column":45},"end":{"line":18,"column":1}},"line":12},"1":{"name":"tearDownTestEnvironment","decl":{"start":{"line":23,"column":16},"end":{"line":23,"column":39}},"loc":{"start":{"line":23,"column":48},"end":{"line":27,"column":1}},"line":23},"2":{"name":"createRenderer","decl":{"start":{"line":29,"column":16},"end":{"line":29,"column":30}},"loc":{"start":{"line":29,"column":73},"end":{"line":37,"column":1}},"line":29},"3":{"name":"(anonymous_3)","decl":{"start":{"line":32,"column":15},"end":{"line":32,"column":16}},"loc":{"start":{"line":32,"column":21},"end":{"line":34,"column":3}},"line":32}},"branchMap":{},"s":{"0":3,"1":3,"2":3,"3":3,"4":3,"5":3,"6":3,"7":4,"8":4,"9":4,"10":4},"f":{"0":3,"1":3,"2":4,"3":4},"b":{},"_coverageSchema":"43e27e138ebf9cfc5966b082cf9a028302ed4184","hash":"772bd880e93113a545d972d8c25afb9ded88e6ca"}
}
