TN:
SF:/Users/i_zhengweik/Desktop/totoro/src/index.tsx
FNF:0
FNH:0
DA:7,0
DA:12,0
LF:2
LH:0
BRF:0
BRH:0
end_of_record
TN:
SF:/Users/i_zhengweik/Desktop/totoro/src/components/RouterButton.tsx
FN:11,RouterButton
FN:20,(anonymous_1)
FNF:2
FNH:2
FNDA:9,RouterButton
FNDA:2,(anonymous_1)
DA:12,9
DA:14,9
DA:21,2
LF:3
LH:3
BRF:0
BRH:0
end_of_record
TN:
SF:/Users/i_zhengweik/Desktop/totoro/src/hooks/useRouter.tsx
FN:5,useRouter
FN:13,(anonymous_1)
FNF:2
FNH:2
FNDA:9,useRouter
FNDA:9,(anonymous_1)
DA:6,9
DA:7,9
DA:8,9
DA:9,9
DA:13,9
DA:14,9
LF:6
LH:6
BRF:0
BRH:0
end_of_record
TN:
SF:/Users/i_zhengweik/Desktop/totoro/src/scenes/App/App.tsx
FN:14,(anonymous_0)
FNF:1
FNH:1
FNDA:2,(anonymous_0)
DA:15,2
LF:1
LH:1
BRF:0
BRH:0
end_of_record
TN:
SF:/Users/i_zhengweik/Desktop/totoro/src/scenes/MrtMap/MrtMap.tsx
FN:7,(anonymous_0)
FNF:1
FNH:1
FNDA:1,(anonymous_0)
DA:8,1
LF:1
LH:1
BRF:0
BRH:0
end_of_record
TN:
SF:/Users/i_zhengweik/Desktop/totoro/src/services/serviceWorker.ts
FN:28,register
FN:39,(anonymous_1)
FN:48,(anonymous_2)
FN:62,registerValidSW
FN:65,(anonymous_4)
FN:66,(anonymous_5)
FN:71,(anonymous_6)
FN:101,(anonymous_7)
FN:106,checkValidServiceWorker
FN:111,(anonymous_9)
FN:119,(anonymous_10)
FN:120,(anonymous_11)
FN:129,(anonymous_12)
FN:136,unregister
FN:139,(anonymous_14)
FN:142,(anonymous_15)
FNF:16
FNH:0
FNDA:0,register
FNDA:0,(anonymous_1)
FNDA:0,(anonymous_2)
FNDA:0,registerValidSW
FNDA:0,(anonymous_4)
FNDA:0,(anonymous_5)
FNDA:0,(anonymous_6)
FNDA:0,(anonymous_7)
FNDA:0,checkValidServiceWorker
FNDA:0,(anonymous_9)
FNDA:0,(anonymous_10)
FNDA:0,(anonymous_11)
FNDA:0,(anonymous_12)
FNDA:0,unregister
FNDA:0,(anonymous_14)
FNDA:0,(anonymous_15)
DA:13,0
DA:29,0
DA:31,0
DA:32,0
DA:36,0
DA:39,0
DA:40,0
DA:42,0
DA:44,0
DA:48,0
DA:49,0
DA:56,0
DA:63,0
DA:66,0
DA:67,0
DA:68,0
DA:69,0
DA:71,0
DA:72,0
DA:73,0
DA:77,0
DA:83,0
DA:84,0
DA:90,0
DA:93,0
DA:94,0
DA:102,0
DA:108,0
DA:113,0
DA:114,0
DA:119,0
DA:120,0
DA:121,0
DA:126,0
DA:130,0
DA:137,0
DA:138,0
DA:140,0
DA:143,0
LF:39
LH:0
BRDA:14,0,0,0
BRDA:14,0,1,0
BRDA:14,0,2,0
BRDA:29,1,0,0
BRDA:29,1,1,0
BRDA:29,2,0,0
BRDA:29,2,1,0
BRDA:32,3,0,0
BRDA:32,3,1,0
BRDA:42,4,0,0
BRDA:42,4,1,0
BRDA:68,5,0,0
BRDA:68,5,1,0
BRDA:72,6,0,0
BRDA:72,6,1,0
BRDA:73,7,0,0
BRDA:73,7,1,0
BRDA:83,8,0,0
BRDA:83,8,1,0
BRDA:83,9,0,0
BRDA:83,9,1,0
BRDA:93,10,0,0
BRDA:93,10,1,0
BRDA:93,11,0,0
BRDA:93,11,1,0
BRDA:114,12,0,0
BRDA:114,12,1,0
BRDA:115,13,0,0
BRDA:115,13,1,0
BRDA:115,13,2,0
BRDA:137,14,0,0
BRDA:137,14,1,0
BRF:32
BRH:0
end_of_record
TN:
SF:/Users/i_zhengweik/Desktop/totoro/src/utilities/TestUtilities.tsx
FN:12,setupTestEnvironment
FN:23,tearDownTestEnvironment
FN:29,createRenderer
FN:32,(anonymous_3)
FNF:4
FNH:4
FNDA:3,setupTestEnvironment
FNDA:3,tearDownTestEnvironment
FNDA:4,createRenderer
FNDA:4,(anonymous_3)
DA:13,3
DA:14,3
DA:15,3
DA:17,3
DA:24,3
DA:25,3
DA:26,3
DA:30,4
DA:32,4
DA:33,4
DA:36,4
LF:11
LH:11
BRF:0
BRH:0
end_of_record
